<testng-results>
  <reporter-output>
  </reporter-output>
  <suite name="Oa" duration-ms="109" started-at="2015-06-16T10:48:52Z" finished-at="2015-06-16T10:48:52Z">
    <groups>
    </groups>
    <test name="t3.Testcase2" duration-ms="109" started-at="2015-06-16T10:48:52Z" finished-at="2015-06-16T10:48:52Z">
      <class name="t3.Testcase2">
        <test-method status="PASS" signature="attachfiletest1()" name="attachfiletest1" duration-ms="0" started-at="2015-06-16T10:48:52Z" finished-at="2015-06-16T10:48:52Z">
        </test-method>
      </class>
    </test>
  </suite>
</testng-results>
